[debug] ----------------------------------------------------------------------
[debug] Command:      /usr/local/bin/node /usr/local/bin/firebase serve
[debug] CLI Version:  3.6.0
[debug] Platform:     darwin
[debug] Node Version: v6.9.1
[debug] Time:         Mon Apr 24 2017 10:21:27 GMT-0700 (PDT)
[debug] ----------------------------------------------------------------------
[debug] 
[debug] > command requires scopes: ["email","openid","https://www.googleapis.com/auth/cloudplatformprojects.readonly","https://www.googleapis.com/auth/firebase","https://www.googleapis.com/auth/cloud-platform"]
[debug] >>> HTTP REQUEST GET https://admin.firebase.com/v1/projects/dowhop-webchat  
 Mon Apr 24 2017 10:21:27 GMT-0700 (PDT)
[debug] <<< HTTP RESPONSE 200
[debug] >>> HTTP REQUEST GET https://admin.firebase.com/v1/database/dowhop-webchat/tokens  
 Mon Apr 24 2017 10:21:29 GMT-0700 (PDT)
[debug] <<< HTTP RESPONSE 200
[info] Starting Firebase development server...
[info] 
[info] Project Directory: /Users/oam/Desktop/klient-friendlychat/web-dowhop
[debug] >>> HTTP REQUEST GET https://cloudresourcemanager.googleapis.com/v1/projects/dowhop-webchat  
 Mon Apr 24 2017 10:21:29 GMT-0700 (PDT)
[debug] <<< HTTP RESPONSE 200
[debug] >>> HTTP REQUEST GET https://mobilesdk-pa.googleapis.com/v1/projects/1093953118750/clients/_:getWebAppConfig  
 Mon Apr 24 2017 10:21:30 GMT-0700 (PDT)
[debug] <<< HTTP RESPONSE 200
[info] Public Directory: ./
[info] 
[info] Server listening at: http://localhost:5000
